#
# There is insufficient memory for the Java Runtime Environment to continue.
# Native memory allocation (mmap) failed to map 125829120 bytes for G1 virtual space
# Possible reasons:
#   The system is out of physical RAM or swap space
#   The process is running with CompressedOops enabled, and the Java Heap may be blocking the growth of the native heap
# Possible solutions:
#   Reduce memory load on the system
#   Increase physical memory or swap space
#   Check if swap backing store is full
#   Decrease Java heap size (-Xmx/-Xms)
#   Decrease number of Java threads
#   Decrease Java thread stack sizes (-Xss)
#   Set larger code cache with -XX:ReservedCodeCacheSize=
#   JVM is running with Unscaled Compressed Oops mode in which the Java heap is
#     placed in the first 4GB address space. The Java Heap base address is the
#     maximum limit for the native heap growth. Please use -XX:HeapBaseMinAddress
#     to set the Java Heap base and to place the Java Heap above 4GB virtual address.
# This output file may be truncated or incomplete.
#
#  Out of Memory Error (os_windows.cpp:3535), pid=9116, tid=9556
#
# JRE version:  (17.0.3+7) (build )
# Java VM: OpenJDK 64-Bit Server VM (17.0.3+7, mixed mode, sharing, tiered, compressed oops, compressed class ptrs, g1 gc, windows-amd64)
# No core dump will be written. Minidumps are not enabled by default on client versions of Windows
#

---------------  S U M M A R Y ------------

Command Line: -Dfile.encoding=UTF-8 --module-path=D:\java\login\bin;D:\java\login\src\biblioteca\mysql-connector-java-8.0.25.jar -XX:+ShowCodeDetailsInExceptionMessages -Djdk.module.main=login login/janela.janelalogin

Host: Intel(R) Core(TM) i5-4590 CPU @ 3.30GHz, 4 cores, 7G,  Windows 7 , 64 bit Build 7601 (6.1.7601.24384)
Time: Wed Jun 22 13:14:32 2022 Hora oficial do Brasil elapsed time: 0.008340 seconds (0d 0h 0m 0s)

---------------  T H R E A D  ---------------

Current thread (0x000000000034a970):  JavaThread "Unknown thread" [_thread_in_vm, id=9556, stack(0x0000000002310000,0x0000000002410000)]

Stack: [0x0000000002310000,0x0000000002410000]
Native frames: (J=compiled Java code, j=interpreted, Vv=VM code, C=native code)
V  [jvm.dll+0x675efa]
V  [jvm.dll+0x830a24]
V  [jvm.dll+0x8321ce]
V  [jvm.dll+0x832833]
V  [jvm.dll+0x2454b5]
V  [jvm.dll+0x672de9]
V  [jvm.dll+0x667732]
V  [jvm.dll+0x3043ab]
V  [jvm.dll+0x30b8f6]
V  [jvm.dll+0x35b62e]
V  [jvm.dll+0x35b85f]
V  [jvm.dll+0x2db248]
V  [jvm.dll+0x2dc1b4]
V  [jvm.dll+0x802651]
V  [jvm.dll+0x3693b1]
V  [jvm.dll+0x7e1aac]
V  [jvm.dll+0x3ebd8f]
V  [jvm.dll+0x3ed911]
C  [jli.dll+0x5277]
C  [ucrtbase.DLL+0x1c1ae]
C  [kernel32.dll+0x1570d]
C  [ntdll.dll+0x5385d]


---------------  P R O C E S S  ---------------

Threads class SMR info:
_java_thread_list=0x000007fef55c6e98, length=0, elements={
}

Java Threads: ( => current thread )

Other Threads:
  0x00000000003a5450 GCTaskThread "GC Thread#0" [stack: 0x0000000019b50000,0x0000000019c50000] [id=9560]
  0x00000000003ba8e0 ConcurrentGCThread "G1 Main Marker" [stack: 0x0000000019ce0000,0x0000000019de0000] [id=9564]
  0x00000000003bd900 ConcurrentGCThread "G1 Conc#0" [stack: 0x0000000019a50000,0x0000000019b50000] [id=9568]

[error occurred during error reporting (printing all threads), id 0xc0000005, EXCEPTION_ACCESS_VIOLATION (0xc0000005) at pc=0x000007fef4d9bcd7]

VM state: not at safepoint (not fully initialized)

VM Mutex/Monitor currently owned by a thread:  ([mutex/lock_event])
[0x00000000003457c0] Heap_lock - owner thread: 0x000000000034a970

Heap address: 0x0000000089200000, size: 1902 MB, Compressed Oops mode: 32-bit

CDS archive(s) mapped at: [0x0000000000000000-0x0000000000000000-0x0000000000000000), size 0, SharedBaseAddress: 0x0000000800000000, ArchiveRelocationMode: 0.
Narrow klass base: 0x0000000000000000, Narrow klass shift: 0, Narrow klass range: 0x0

GC Precious Log:
<Empty>

Heap:
 garbage-first heap   total 0K, used 0K [0x0000000089200000, 0x0000000100000000)
  region size 1024K, 0 young (0K), 0 survivors (0K)

[error occurred during error reporting (printing heap information), id 0xc0000005, EXCEPTION_ACCESS_VIOLATION (0xc0000005) at pc=0x000007fef517f249]

GC Heap History (0 events):
No events

Deoptimization events (0 events):
No events

Classes unloaded (0 events):
No events

Classes redefined (0 events):
No events

Internal exceptions (0 events):
No events

VM Operations (0 events):
No events

Events (1 events):
Event: 0.006 Loaded shared library C:\Users\marcos\.p2\pool\plugins\org.eclipse.justj.openjdk.hotspot.jre.full.win32.x86_64_17.0.3.v20220515-1416\jre\bin\java.dll


Dynamic libraries:
0x000000013fe10000 - 0x000000013fe1e000 	C:\Users\marcos\.p2\pool\plugins\org.eclipse.justj.openjdk.hotspot.jre.full.win32.x86_64_17.0.3.v20220515-1416\jre\bin\javaw.exe
0x0000000077110000 - 0x00000000772af000 	C:\Windows\SYSTEM32\ntdll.dll
0x0000000076ef0000 - 0x000000007700f000 	C:\Windows\system32\kernel32.dll
0x000007fefd190000 - 0x000007fefd1fa000 	C:\Windows\system32\KERNELBASE.dll
0x000007fef4970000 - 0x000007fef4988000 	C:\Users\marcos\.p2\pool\plugins\org.eclipse.justj.openjdk.hotspot.jre.full.win32.x86_64_17.0.3.v20220515-1416\jre\bin\jli.dll
0x000007fefb8c0000 - 0x000007fefbab4000 	C:\Windows\WinSxS\amd64_microsoft.windows.common-controls_6595b64144ccf1df_6.0.7601.23403_none_e36ad4593102f066\COMCTL32.dll
0x000007feff080000 - 0x000007feff11f000 	C:\Windows\system32\msvcrt.dll
0x000007feff200000 - 0x000007feff267000 	C:\Windows\system32\GDI32.dll
0x0000000077010000 - 0x000000007710a000 	C:\Windows\system32\USER32.dll
0x000007fefe630000 - 0x000007fefe63e000 	C:\Windows\system32\LPK.dll
0x000007fefeae0000 - 0x000007fefebaa000 	C:\Windows\system32\USP10.dll
0x000007fefe9e0000 - 0x000007fefea51000 	C:\Windows\system32\SHLWAPI.dll
0x000007fef4950000 - 0x000007fef4969000 	C:\Users\marcos\.p2\pool\plugins\org.eclipse.justj.openjdk.hotspot.jre.full.win32.x86_64_17.0.3.v20220515-1416\jre\bin\VCRUNTIME140.dll
0x000007fef61b0000 - 0x000007fef61b4000 	C:\Users\marcos\.p2\pool\plugins\org.eclipse.justj.openjdk.hotspot.jre.full.win32.x86_64_17.0.3.v20220515-1416\jre\bin\api-ms-win-crt-runtime-l1-1-0.dll
0x000007fedf9f0000 - 0x000007fedfaea000 	C:\Users\marcos\.p2\pool\plugins\org.eclipse.justj.openjdk.hotspot.jre.full.win32.x86_64_17.0.3.v20220515-1416\jre\bin\ucrtbase.DLL
0x000007fef4940000 - 0x000007fef4943000 	C:\Users\marcos\.p2\pool\plugins\org.eclipse.justj.openjdk.hotspot.jre.full.win32.x86_64_17.0.3.v20220515-1416\jre\bin\api-ms-win-core-localization-l1-2-0.dll
0x000007fef4920000 - 0x000007fef4923000 	C:\Users\marcos\.p2\pool\plugins\org.eclipse.justj.openjdk.hotspot.jre.full.win32.x86_64_17.0.3.v20220515-1416\jre\bin\api-ms-win-core-processthreads-l1-1-1.dll
0x000007fef4930000 - 0x000007fef4933000 	C:\Users\marcos\.p2\pool\plugins\org.eclipse.justj.openjdk.hotspot.jre.full.win32.x86_64_17.0.3.v20220515-1416\jre\bin\api-ms-win-core-file-l1-2-0.dll
0x000007fef4900000 - 0x000007fef4903000 	C:\Users\marcos\.p2\pool\plugins\org.eclipse.justj.openjdk.hotspot.jre.full.win32.x86_64_17.0.3.v20220515-1416\jre\bin\api-ms-win-core-timezone-l1-1-0.dll
0x000007fef4910000 - 0x000007fef4913000 	C:\Users\marcos\.p2\pool\plugins\org.eclipse.justj.openjdk.hotspot.jre.full.win32.x86_64_17.0.3.v20220515-1416\jre\bin\api-ms-win-core-file-l2-1-0.dll
0x000007fef48e0000 - 0x000007fef48e3000 	C:\Users\marcos\.p2\pool\plugins\org.eclipse.justj.openjdk.hotspot.jre.full.win32.x86_64_17.0.3.v20220515-1416\jre\bin\api-ms-win-core-synch-l1-2-0.dll
0x000007fef48f0000 - 0x000007fef48f3000 	C:\Users\marcos\.p2\pool\plugins\org.eclipse.justj.openjdk.hotspot.jre.full.win32.x86_64_17.0.3.v20220515-1416\jre\bin\api-ms-win-crt-heap-l1-1-0.dll
0x000007fef3740000 - 0x000007fef3744000 	C:\Users\marcos\.p2\pool\plugins\org.eclipse.justj.openjdk.hotspot.jre.full.win32.x86_64_17.0.3.v20220515-1416\jre\bin\api-ms-win-crt-string-l1-1-0.dll
0x000007fef48d0000 - 0x000007fef48d4000 	C:\Users\marcos\.p2\pool\plugins\org.eclipse.justj.openjdk.hotspot.jre.full.win32.x86_64_17.0.3.v20220515-1416\jre\bin\api-ms-win-crt-stdio-l1-1-0.dll
0x000007feeeac0000 - 0x000007feeeac4000 	C:\Users\marcos\.p2\pool\plugins\org.eclipse.justj.openjdk.hotspot.jre.full.win32.x86_64_17.0.3.v20220515-1416\jre\bin\api-ms-win-crt-convert-l1-1-0.dll
0x000007feeead0000 - 0x000007feeead3000 	C:\Users\marcos\.p2\pool\plugins\org.eclipse.justj.openjdk.hotspot.jre.full.win32.x86_64_17.0.3.v20220515-1416\jre\bin\api-ms-win-crt-environment-l1-1-0.dll
0x000007feeeab0000 - 0x000007feeeab3000 	C:\Users\marcos\.p2\pool\plugins\org.eclipse.justj.openjdk.hotspot.jre.full.win32.x86_64_17.0.3.v20220515-1416\jre\bin\api-ms-win-crt-filesystem-l1-1-0.dll
0x000007feec740000 - 0x000007feec745000 	C:\Users\marcos\.p2\pool\plugins\org.eclipse.justj.openjdk.hotspot.jre.full.win32.x86_64_17.0.3.v20220515-1416\jre\bin\api-ms-win-crt-math-l1-1-0.dll
0x000007feeb650000 - 0x000007feeb653000 	C:\Users\marcos\.p2\pool\plugins\org.eclipse.justj.openjdk.hotspot.jre.full.win32.x86_64_17.0.3.v20220515-1416\jre\bin\api-ms-win-crt-locale-l1-1-0.dll
0x000007fefe4c0000 - 0x000007fefe4ee000 	C:\Windows\system32\IMM32.DLL
0x000007feff270000 - 0x000007feff379000 	C:\Windows\system32\MSCTF.dll
0x000007feeafb0000 - 0x000007feeafbc000 	C:\Users\marcos\.p2\pool\plugins\org.eclipse.justj.openjdk.hotspot.jre.full.win32.x86_64_17.0.3.v20220515-1416\jre\bin\vcruntime140_1.dll
0x000007fee4600000 - 0x000007fee4691000 	C:\Users\marcos\.p2\pool\plugins\org.eclipse.justj.openjdk.hotspot.jre.full.win32.x86_64_17.0.3.v20220515-1416\jre\bin\msvcp140.dll
0x000007feeafa0000 - 0x000007feeafa3000 	C:\Users\marcos\.p2\pool\plugins\org.eclipse.justj.openjdk.hotspot.jre.full.win32.x86_64_17.0.3.v20220515-1416\jre\bin\api-ms-win-crt-time-l1-1-0.dll
0x000007feeace0000 - 0x000007feeace3000 	C:\Users\marcos\.p2\pool\plugins\org.eclipse.justj.openjdk.hotspot.jre.full.win32.x86_64_17.0.3.v20220515-1416\jre\bin\api-ms-win-crt-utility-l1-1-0.dll
0x000007fef4ab0000 - 0x000007fef56f8000 	C:\Users\marcos\.p2\pool\plugins\org.eclipse.justj.openjdk.hotspot.jre.full.win32.x86_64_17.0.3.v20220515-1416\jre\bin\server\jvm.dll
0x000007feff120000 - 0x000007feff1fb000 	C:\Windows\system32\ADVAPI32.dll
0x000007fefea60000 - 0x000007fefea7f000 	C:\Windows\SYSTEM32\sechost.dll
0x000007fefe640000 - 0x000007fefe76c000 	C:\Windows\system32\RPCRT4.dll
0x000007fef7180000 - 0x000007fef7189000 	C:\Windows\system32\WSOCK32.dll
0x000007fefea80000 - 0x000007fefeacd000 	C:\Windows\system32\WS2_32.dll
0x000007fefead0000 - 0x000007fefead8000 	C:\Windows\system32\NSI.dll
0x000007fefacc0000 - 0x000007fefacfb000 	C:\Windows\system32\WINMM.dll
0x000007fefbf80000 - 0x000007fefbf8c000 	C:\Windows\system32\VERSION.dll
0x00000000772c0000 - 0x00000000772c7000 	C:\Windows\system32\PSAPI.DLL
0x000007fefa160000 - 0x000007fefa16a000 	C:\Users\marcos\.p2\pool\plugins\org.eclipse.justj.openjdk.hotspot.jre.full.win32.x86_64_17.0.3.v20220515-1416\jre\bin\jimage.dll
0x000007fef8670000 - 0x000007fef8795000 	C:\Windows\system32\DBGHELP.DLL
0x000007fef5850000 - 0x000007fef5875000 	C:\Users\marcos\.p2\pool\plugins\org.eclipse.justj.openjdk.hotspot.jre.full.win32.x86_64_17.0.3.v20220515-1416\jre\bin\java.dll

dbghelp: loaded successfully - version: 4.0.5 - missing functions: none
symbol engine: initialized successfully - sym options: 0x614 - pdb path: .;C:\Users\marcos\.p2\pool\plugins\org.eclipse.justj.openjdk.hotspot.jre.full.win32.x86_64_17.0.3.v20220515-1416\jre\bin;C:\Windows\SYSTEM32;C:\Windows\WinSxS\amd64_microsoft.windows.common-controls_6595b64144ccf1df_6.0.7601.23403_none_e36ad4593102f066;C:\Users\marcos\.p2\pool\plugins\org.eclipse.justj.openjdk.hotspot.jre.full.win32.x86_64_17.0.3.v20220515-1416\jre\bin\server

VM Arguments:
jvm_args: -Dfile.encoding=UTF-8 --module-path=D:\java\login\bin;D:\java\login\src\biblioteca\mysql-connector-java-8.0.25.jar -XX:+ShowCodeDetailsInExceptionMessages -Djdk.module.main=login 
java_command: login/janela.janelalogin
java_class_path (initial): <not set>
Launcher Type: SUN_STANDARD

[Global flags]
     intx CICompilerCount                          = 3                                         {product} {ergonomic}
     uint ConcGCThreads                            = 1                                         {product} {ergonomic}
     uint G1ConcRefinementThreads                  = 4                                         {product} {ergonomic}
   size_t G1HeapRegionSize                         = 1048576                                   {product} {ergonomic}
    uintx GCDrainStackTargetSize                   = 64                                        {product} {ergonomic}
   size_t InitialHeapSize                          = 125829120                                 {product} {ergonomic}
   size_t MarkStackSize                            = 4194304                                   {product} {ergonomic}
   size_t MaxHeapSize                              = 1994391552                                {product} {ergonomic}
   size_t MinHeapDeltaBytes                        = 1048576                                   {product} {ergonomic}
   size_t MinHeapSize                              = 8388608                                   {product} {ergonomic}
    uintx NonNMethodCodeHeapSize                   = 5832780                                {pd product} {ergonomic}
    uintx NonProfiledCodeHeapSize                  = 122912730                              {pd product} {ergonomic}
    uintx ProfiledCodeHeapSize                     = 122912730                              {pd product} {ergonomic}
    uintx ReservedCodeCacheSize                    = 251658240                              {pd product} {ergonomic}
     bool SegmentedCodeCache                       = true                                      {product} {ergonomic}
     bool ShowCodeDetailsInExceptionMessages       = true                                   {manageable} {command line}
   size_t SoftMaxHeapSize                          = 1994391552                             {manageable} {ergonomic}
     bool UseCompressedClassPointers               = true                           {product lp64_product} {ergonomic}
     bool UseCompressedOops                        = true                           {product lp64_product} {ergonomic}
     bool UseG1GC                                  = true                                      {product} {ergonomic}
     bool UseLargePagesIndividualAllocation        = false                                  {pd product} {ergonomic}

Logging:
Log output configuration:
 #0: stdout all=warning uptime,level,tags
 #1: stderr all=off uptime,level,tags

Environment Variables:
PATH=C:/Users/marcos/.p2/pool/plugins/org.eclipse.justj.openjdk.hotspot.jre.full.win32.x86_64_17.0.3.v20220515-1416/jre/bin/server;C:/Users/marcos/.p2/pool/plugins/org.eclipse.justj.openjdk.hotspot.jre.full.win32.x86_64_17.0.3.v20220515-1416/jre/bin;C:\Program Files\Common Files\Oracle\Java\javapath;C:\Program Files (x86)\Common Files\Oracle\Java\javapath;C:\Program Files (x86)\Intel\iCLS Client\;C:\Program Files\Intel\iCLS Client\;C:\app\client\marcos\product\12.1.0\client_1\bin;C:\Windows\system32;C:\Windows;C:\Windows\System32\Wbem;C:\Windows\System32\WindowsPowerShell\v1.0\;C:\Program Files\PuTTY\;C:\Program Files (x86)\Intel\Intel(R) Management Engine Components\DAL;C:\Program Files\Intel\Intel(R) Management Engine Components\DAL;C:\Program Files (x86)\Intel\Intel(R) Management Engine Components\IPT;C:\Program Files\Intel\Intel(R) Management Engine Components\IPT;C:\Users\marcos\AppData\Local\Programs\Hyper\resources\bin;C:\Users\marcos\AppData\Local\Programs\Microsoft VS Code\bin;C:\Users\marcos\Desktop;
USERNAME=marcos
OS=Windows_NT
PROCESSOR_IDENTIFIER=Intel64 Family 6 Model 60 Stepping 3, GenuineIntel



---------------  S Y S T E M  ---------------

OS:
 Windows 7 , 64 bit Build 7601 (6.1.7601.24384)
OS uptime: 0 days 21:48 hours

CPU: total 4 (initial active 4) (4 cores per cpu, 1 threads per core) family 6 model 60 stepping 3 microcode 0x0, cx8, cmov, fxsr, mmx, sse, sse2, sse3, ssse3, sse4.1, sse4.2, popcnt, lzcnt, tsc, tscinvbit, avx, avx2, aes, erms, clmul, bmi1, bmi2, fma, vzeroupper, clflush

Memory: 4k page, system-wide physical 7603M (1514M free)
TotalPageFile size 22010M (AvailPageFile size 114M)
current process WorkingSet (physical memory assigned to process): 10M, peak: 10M
current process commit charge ("private bytes"): 58M, peak: 176M

vm_info: OpenJDK 64-Bit Server VM (17.0.3+7) for windows-amd64 JRE (17.0.3+7), built on Apr 19 2022 16:55:35 by "" with MS VC++ 16.7 (VS2019)

END.
